<?xml version="1.0" encoding="UTF-8"?>
<testng-results ignored="0" total="1" passed="1" failed="0" skipped="0">
  <reporter-output>
  </reporter-output>
  <suite started-at="2022-11-07T23:30:01 EST" name="Default suite" finished-at="2022-11-07T23:30:08 EST" duration-ms="6438">
    <groups>
    </groups>
    <test started-at="2022-11-07T23:30:01 EST" name="Default test" finished-at="2022-11-07T23:30:08 EST" duration-ms="6438">
      <class name="auto.AutoTest">
        <test-method is-config="true" signature="setUpDriver()[pri:0, instance:auto.AutoTest@272113c4]" started-at="2022-11-07T23:30:01 EST" name="setUpDriver" finished-at="2022-11-07T23:30:07 EST" duration-ms="6267" status="PASS">
          <reporter-output>
          </reporter-output>
        </test-method> <!-- setUpDriver -->
        <test-method signature="aTest()[pri:0, instance:auto.AutoTest@272113c4]" started-at="2022-11-07T23:30:07 EST" name="aTest" finished-at="2022-11-07T23:30:07 EST" duration-ms="5" status="PASS">
          <reporter-output>
          </reporter-output>
        </test-method> <!-- aTest -->
        <test-method is-config="true" signature="closingTheSession()[pri:0, instance:auto.AutoTest@272113c4]" started-at="2022-11-07T23:30:07 EST" name="closingTheSession" finished-at="2022-11-07T23:30:08 EST" duration-ms="133" status="PASS">
          <reporter-output>
          </reporter-output>
        </test-method> <!-- closingTheSession -->
      </class> <!-- auto.AutoTest -->
    </test> <!-- Default test -->
  </suite> <!-- Default suite -->
</testng-results>
